[2015-07-28 14:37:36] START
[2015-07-28 15:07:56] EDIT test/controllers/default.py: 0
[2015-07-28 15:35:36] EDIT test/models/db.py: 5
[2015-07-28 15:38:56] CREATE default/display_form.html: 0
[2015-07-28 15:40:21] EDIT test/views/default/display_form.html: 9
[2015-07-28 15:40:53] EDIT test/controllers/default.py: 3
[2015-07-28 15:42:39] EDIT test/controllers/default.py: 0
[2015-07-28 15:44:32] EDIT test/views/default/display_form.html: -1
[2015-07-28 15:48:10] EDIT test/views/default/display_form.html: 0
[2015-07-28 15:59:06] CREATE default/check_form.html: 0
[2015-07-28 15:59:40] EDIT test/views/default/check_form.html: 11
[2015-07-28 16:04:15] EDIT test/controllers/default.py: 6
[2015-07-28 16:27:21] EDIT test/models/db.py: 0
[2015-07-28 16:55:13] EDIT test/views/default/check_form.html: 1
[2015-07-28 16:58:51] EDIT test/controllers/default.py: 1
[2015-07-28 17:05:21] EDIT test/controllers/default.py: 3
[2015-07-28 17:06:07] CREATE default/all_records.html: 0
[2015-07-28 17:08:04] DELETE test/views/default/all_records.html: -3
[2015-07-28 17:30:02] EDIT test/models/db.py: 0
[2015-07-28 17:31:58] EDIT test/views/default/check_form.html: 0
[2015-07-28 17:35:51] EDIT test/models/db.py: 2
[2015-07-28 17:51:40] EDIT test/controllers/default.py: 0
[2015-07-29 12:10:34] UPLOAD /home/pi/hyunhwa/web2py/applications/test/static/font-awesome.min.css: 4
[2015-07-29 12:11:14] DELETE test/static/font-awesome.min.css: -4
[2015-07-29 12:24:44] EDIT test/views/default/check_form.html: 0
[2015-07-29 13:02:46] EDIT test/views/plugin_layouts/layouts/KeepitSimple.html: 0
[2015-07-29 13:12:27] EDIT test/views/plugin_layouts/layouts/KeepitSimple.html: -12
[2015-07-29 13:16:42] EDIT test/views/default/check_form.html: 0
[2015-07-29 13:40:04] EDIT test/views/default/check_form.html: -2
[2015-07-29 13:45:14] EDIT test/views/default/check_form.html: 2
[2015-07-29 13:47:55] EDIT test/views/default/display_form.html: -7
[2015-07-29 13:50:06] EDIT test/views/default/index.html: -10
[2015-07-29 13:57:13] EDIT test/views/layout.html: -13
[2015-07-29 13:57:47] EDIT test/views/layout.html: 3
[2015-07-29 13:58:30] EDIT test/views/default/check_form.html: -3
[2015-07-29 14:00:19] EDIT test/views/layout.html: 0
[2015-07-29 14:00:58] EDIT test/views/layout.html: -1
[2015-07-29 14:01:35] EDIT test/views/default/check_form.html: -1
[2015-07-29 14:16:15] EDIT test/models/menu.py: 5
[2015-07-29 14:20:43] EDIT test/views/layout.html: 1
[2015-07-29 14:23:53] EDIT test/views/layout.html: 2
[2015-07-29 14:24:26] EDIT test/views/layout.html: 0
[2015-07-29 14:26:24] EDIT test/views/default/check_form.html: 5
[2015-07-29 14:26:51] EDIT test/views/layout.html: -5
[2015-07-29 14:27:15] EDIT test/views/default/check_form.html: -5
[2015-07-29 14:27:41] EDIT test/views/default/index.html: -35
[2015-07-29 14:29:24] EDIT test/views/default/index.html: -1
[2015-07-29 14:37:22] EDIT test/views/default/index.html: 1
[2015-07-29 14:38:05] EDIT test/views/default/index.html: 0
[2015-07-29 14:38:15] EDIT test/views/default/index.html: 0
[2015-07-29 14:41:56] CREATE default/all_records.html: 0
[2015-07-29 14:42:26] EDIT test/views/default/all_records.html: -1
[2015-07-29 14:43:55] EDIT test/views/layout.html: 2
[2015-07-29 14:46:58] EDIT test/models/db.py: 0
[2015-07-29 14:47:22] EDIT test/models/db.py: -1
[2015-07-29 14:49:08] EDIT test/models/db.py: 0
[2015-07-29 14:50:38] EDIT test/models/db.py: 1
[2015-07-29 14:51:17] EDIT test/models/db.py: 0
[2015-07-29 14:54:50] EDIT test/views/layout.html: 0
[2015-07-29 14:57:59] EDIT test/views/plugin_layouts/layouts/KeepitSimple.html: -5
[2015-07-29 14:58:25] EDIT test/views/plugin_layouts/layouts/KeepitSimple.html: 0
[2015-07-29 14:58:30] EDIT test/static/plugin_layouts/layouts/KeepitSimple/css/style.css: 0
[2015-07-29 15:00:37] EDIT test/static/plugin_layouts/layouts/KeepitSimple/css/style.css: -5
[2015-07-29 15:01:35] EDIT test/static/plugin_layouts/layouts/KeepitSimple/css/style.css: 5
[2015-07-29 15:01:55] EDIT test/static/plugin_layouts/layouts/KeepitSimple/css/style.css: 0
[2015-07-29 15:05:18] EDIT test/views/default/display_form.html: 6
[2015-07-29 15:05:57] EDIT test/controllers/default.py: 0
[2015-07-29 15:06:14] EDIT test/controllers/default.py: 0
[2015-07-29 15:09:27] EDIT test/views/default/check_form.html: -6
[2015-07-30 10:19:08] CREATE default/sht_db.html: 0
[2015-07-30 10:32:20] EDIT test/models/db.py: 5
[2015-07-30 10:36:50] EDIT test/controllers/default.py: 58
[2015-07-30 10:37:23] EDIT test/controllers/default.py: 1
[2015-07-30 15:10:26] EDIT test/controllers/default.py: 0
[2015-07-30 15:11:43] EDIT test/views/layout.html: 2
[2015-07-30 15:22:44] EDIT test/controllers/default.py: -14
[2015-07-30 17:19:35] EDIT test/controllers/default.py: 0
[2015-07-30 17:20:13] EDIT test/views/default/sht_db.html: -1
[2015-07-30 17:21:18] EDIT test/controllers/default.py: 3
[2015-07-30 17:21:41] EDIT test/controllers/default.py: 0
[2015-07-30 17:24:19] EDIT test/controllers/default.py: 0
[2015-07-31 10:48:20] EDIT test/views/layout.html: 22
[2015-07-31 10:48:59] EDIT test/views/layout.html: 7
[2015-07-31 10:49:25] EDIT test/views/layout.html: -7
[2015-07-31 10:50:58] EDIT test/views/layout.html: 8
[2015-07-31 10:51:39] EDIT test/views/layout.html: 13
[2015-07-31 10:54:31] EDIT test/views/layout.html: -8
[2015-07-31 10:54:58] EDIT test/views/layout.html: 0
[2015-07-31 10:59:35] EDIT test/views/layout.html: -30
[2015-07-31 11:00:10] EDIT test/views/layout.html: -5
[2015-07-31 14:03:48] CREATE sht_db.py: 0
[2015-07-31 14:07:06] CREATE chats.py: 0
[2015-07-31 14:07:17] EDIT test/modules/chats.py: 43
[2015-07-31 14:07:24] EDIT test/modules/sht_db.py: 42
[2015-07-31 14:07:48] EDIT test/modules/sht_db.py: -1
[2015-07-31 14:07:58] EDIT test/modules/sht_db.py: 1
[2015-07-31 14:09:21] EDIT test/modules/sht_db.py: 12
[2015-07-31 14:10:28] EDIT test/modules/sht_db.py: -12
[2015-07-31 14:11:02] EDIT test/modules/sht_db.py: 0
[2015-07-31 14:22:27] EDIT test/controllers/default.py: -49
[2015-07-31 14:23:34] EDIT test/modules/sht_db.py: -17
[2015-07-31 14:37:00] EDIT test/controllers/default.py: 0
[2015-07-31 14:37:43] EDIT test/controllers/default.py: 0
[2015-07-31 14:38:16] EDIT test/controllers/default.py: 0
[2015-07-31 14:38:42] EDIT test/controllers/default.py: 0
[2015-07-31 14:39:57] EDIT test/controllers/default.py: 0
[2015-07-31 14:41:55] EDIT test/controllers/default.py: -4
[2015-07-31 14:42:17] EDIT test/controllers/default.py: 0
[2015-07-31 14:42:33] EDIT test/controllers/default.py: 0
[2015-07-31 14:47:36] EDIT test/controllers/default.py: 0
[2015-07-31 14:48:23] EDIT test/controllers/default.py: 0
[2015-07-31 14:49:28] EDIT test/controllers/default.py: -10
[2015-07-31 14:49:33] EDIT test/modules/sht_db.py: 11
[2015-07-31 14:49:59] EDIT test/controllers/default.py: 0
[2015-07-31 14:50:53] EDIT test/controllers/default.py: 1
[2015-07-31 14:51:21] EDIT test/controllers/default.py: 0
[2015-07-31 14:51:37] EDIT test/controllers/default.py: 0
[2015-07-31 14:54:44] EDIT test/modules/sht_db.py: -10
[2015-07-31 14:54:53] EDIT test/modules/sht_db.py: -1
[2015-07-31 14:55:55] EDIT test/modules/sht_db.py: 13
[2015-07-31 14:56:02] EDIT test/modules/sht_db.py: 0
[2015-07-31 14:56:19] EDIT test/controllers/default.py: -2
[2015-07-31 14:56:22] EDIT test/modules/sht_db.py: 0
[2015-07-31 14:57:33] EDIT test/controllers/default.py: 10
[2015-07-31 14:57:55] EDIT test/controllers/default.py: 0
[2015-07-31 14:58:30] EDIT test/controllers/default.py: 0
[2015-07-31 15:00:55] EDIT test/modules/sht_db.py: -3
[2015-07-31 15:01:07] EDIT test/controllers/default.py: -7
[2015-07-31 15:01:11] EDIT test/controllers/default.py: 0
[2015-07-31 15:01:32] EDIT test/controllers/default.py: 1
[2015-07-31 15:03:12] EDIT test/controllers/default.py: 1
[2015-07-31 15:03:35] EDIT test/controllers/default.py: -2
[2015-07-31 15:04:41] EDIT test/controllers/default.py: 0
[2015-07-31 15:06:01] EDIT test/modules/sht_db.py: 5
[2015-07-31 15:06:14] EDIT test/controllers/default.py: 0
[2015-07-31 15:06:22] EDIT test/controllers/default.py: 0
[2015-07-31 15:06:34] EDIT test/modules/sht_db.py: 0
[2015-07-31 15:06:47] EDIT test/modules/sht_db.py: 0
[2015-07-31 15:07:11] EDIT test/controllers/default.py: 0
[2015-07-31 15:07:40] EDIT test/controllers/default.py: 1
[2015-07-31 15:15:52] EDIT test/controllers/default.py: 3
[2015-07-31 15:16:31] CREATE default/chatting.html: 0
[2015-07-31 15:17:00] EDIT test/views/default/chatting.html: 30
[2015-07-31 15:17:44] EDIT test/views/layout.html: 2
[2015-07-31 15:19:13] EDIT test/modules/chats.py: 0
[2015-07-31 15:20:37] EDIT test/models/db.py: 1
[2015-07-31 15:22:44] EDIT test/models/db.py: 0
[2015-07-31 15:22:54] EDIT test/models/db.py: 0
[2015-07-31 15:23:31] EDIT test/views/default/chatting.html: 0
[2015-07-31 15:25:55] EDIT test/models/db.py: 0
[2015-07-31 15:26:23] EDIT test/controllers/default.py: 0
[2015-07-31 15:26:51] EDIT test/modules/chats.py: 0
[2015-07-31 15:27:15] EDIT test/views/default/chatting.html: 0
[2015-07-31 15:27:58] EDIT test/models/db.py: 0
[2015-07-31 15:28:13] EDIT test/models/db.py: 0
[2015-07-31 15:34:08] EDIT test/views/default/chatting.html: -4
[2015-07-31 15:34:23] CREATE chat.css: 0
[2015-07-31 15:35:31] CREATE chat.js: 0
[2015-07-31 15:35:41] EDIT test/static/chat.js: 92
[2015-07-31 15:37:28] EDIT test/views/default/chatting.html: 4
[2015-07-31 15:45:11] EDIT test/views/default/chatting.html: -2
[2015-07-31 15:50:03] EDIT test/views/layout.html: 0
[2015-07-31 15:51:17] EDIT test/static/plugin_layouts/layouts/KeepitSimple/css/style.css: 0
[2015-07-31 16:00:40] EDIT test/models/db.py: 5
[2015-07-31 16:00:59] EDIT test/models/db.py: 0
[2015-07-31 16:35:03] EDIT test/static/chat.js: 0
[2015-07-31 16:35:10] EDIT test/static/chat.css: 36
[2015-07-31 16:35:12] EDIT test/modules/chats.py: 0
[2015-07-31 16:39:10] EDIT test/views/default/chatting.html: 0
[2015-07-31 16:39:24] EDIT test/views/default/chatting.html: -2
[2015-07-31 16:43:11] EDIT test/views/default/chatting.html: -2
[2015-07-31 16:47:36] EDIT test/views/default/chatting.html: -3
[2015-07-31 16:47:41] EDIT test/views/default/chatting.html: -2
[2015-07-31 16:49:15] EDIT test/views/default/chatting.html: 11
[2015-07-31 16:53:13] EDIT test/models/db.py: -5
[2015-07-31 16:53:18] EDIT test/views/default/chatting.html: 0
[2015-07-31 16:53:41] EDIT test/models/db.py: 0
[2015-07-31 16:53:46] EDIT test/modules/chats.py: 0
[2015-07-31 17:58:07] EDIT test/modules/chats.py: 0
[2015-07-31 17:58:10] EDIT test/views/default/chatting.html: 0
[2015-07-31 17:58:12] EDIT test/controllers/default.py: 0
[2015-07-31 17:58:13] EDIT test/models/db.py: 0
[2015-07-31 17:58:14] EDIT test/views/default/sht_db.html: 0
[2015-07-31 17:58:15] EDIT test/controllers/appadmin.py: 0
[2015-08-06 10:09:24] EDIT test/models/db.py: 5
[2015-08-06 10:15:02] EDIT test/controllers/default.py: -1
[2015-08-06 10:15:41] EDIT test/controllers/default.py: 1
[2015-08-06 10:16:50] EDIT test/views/default/chatting.html: -3
[2015-08-06 10:17:44] EDIT test/controllers/default.py: -2
[2015-08-06 10:21:32] EDIT test/models/db.py: -33
[2015-08-06 10:22:48] EDIT test/views/default/chatting.html: 3
[2015-08-06 10:27:19] EDIT test/modules/chats.py: 0
[2015-08-06 10:27:42] EDIT test/modules/chats.py: 0
[2015-08-06 10:28:16] EDIT test/modules/chats.py: 0
[2015-08-06 10:28:18] EDIT test/controllers/default.py: 2
[2015-08-06 10:28:57] EDIT test/models/db.py: 5
[2015-08-06 10:30:44] EDIT test/models/db.py: 1
[2015-08-06 10:32:01] EDIT test/models/db.py: 0
[2015-08-06 10:38:37] EDIT test/models/db.py: 0
[2015-08-06 10:38:52] EDIT test/controllers/default.py: 0
[2015-08-06 10:39:14] EDIT test/controllers/default.py: 0
[2015-08-06 10:39:32] EDIT test/controllers/default.py: 0
[2015-08-06 10:39:40] EDIT test/controllers/default.py: 0
[2015-08-06 10:40:56] EDIT test/models/db.py: 0
[2015-08-06 10:41:53] EDIT test/models/db.py: 0
[2015-08-06 10:50:49] EDIT test/models/db.py: 0
[2015-08-06 10:50:50] EDIT test/models/db.py: 0
[2015-08-06 10:54:05] EDIT test/models/db.py: -6
[2015-08-06 11:15:54] EDIT test/models/db.py: 5
[2015-08-06 11:16:38] EDIT test/controllers/default.py: 0
[2015-08-06 11:17:12] EDIT test/controllers/default.py: 0
[2015-08-06 11:17:21] EDIT test/controllers/default.py: 0
[2015-08-06 11:19:30] EDIT test/controllers/default.py: 0
[2015-08-06 11:22:46] EDIT test/views/layout.html: -2
[2015-08-06 12:22:59] EDIT test/views/layout.html: 0
[2015-08-06 12:37:35] EDIT test/modules/chats.py: 13
[2015-08-06 12:41:57] EDIT test/views/default/chatting.html: -2
[2015-08-06 12:44:11] EDIT test/views/default/chatting.html: 2
[2015-08-06 12:45:59] EDIT test/views/default/chatting.html: 0
[2015-08-06 12:46:11] EDIT test/views/default/chatting.html: 0
[2015-08-07 10:41:24] EDIT test/views/default/chatting.html: 0
[2015-08-07 10:53:46] EDIT test/views/default/chatting.html: 0
[2015-08-07 11:00:05] EDIT test/controllers/default.py: 5
[2015-08-07 11:06:43] EDIT test/controllers/default.py: 5
[2015-08-07 11:07:08] EDIT test/controllers/default.py: -2
[2015-08-07 11:09:43] EDIT test/controllers/default.py: 0
[2015-08-07 11:10:10] EDIT test/controllers/default.py: 0
[2015-08-07 11:10:49] EDIT test/controllers/default.py: 0
[2015-08-07 11:15:24] EDIT test/views/default/chatting.html: 4
[2015-08-07 11:16:00] EDIT test/views/default/chatting.html: 0
[2015-08-07 11:16:42] EDIT test/views/default/chatting.html: 0
[2015-08-07 11:21:16] EDIT test/views/default/chatting.html: 0
[2015-08-07 12:06:16] EDIT test/views/default/chatting.html: 0
[2015-08-07 12:14:21] EDIT test/controllers/default.py: -1
[2015-08-07 12:17:50] EDIT test/controllers/default.py: 0
[2015-08-07 12:18:29] EDIT test/controllers/default.py: 0
[2015-08-07 12:19:22] EDIT test/controllers/default.py: -1
[2015-08-07 12:20:01] EDIT test/controllers/default.py: 1
[2015-08-07 12:20:43] EDIT test/modules/chats.py: -2
[2015-08-07 12:25:21] EDIT test/controllers/default.py: 0
[2015-08-07 12:25:26] EDIT test/controllers/default.py: -1
[2015-08-07 12:26:03] EDIT test/modules/chats.py: 0
[2015-08-07 12:27:23] EDIT test/controllers/default.py: 1
[2015-08-07 12:38:05] EDIT test/controllers/default.py: 0
[2015-08-07 12:39:17] EDIT test/controllers/default.py: 0
[2015-08-07 12:44:07] EDIT test/controllers/default.py: 0
[2015-08-07 12:50:48] EDIT test/controllers/default.py: 0
[2015-08-07 12:52:43] EDIT test/controllers/default.py: 1
[2015-08-07 12:53:08] EDIT test/controllers/default.py: 1
[2015-08-07 12:54:14] CREATE default/sensor_updates.html: 0
[2015-08-07 12:54:48] EDIT test/controllers/default.py: 0
[2015-08-07 12:55:04] EDIT test/controllers/default.py: 1
[2015-08-07 12:55:09] EDIT test/views/default/sensor_updates.html: 34
[2015-08-07 12:57:57] EDIT test/modules/sht_db.py: 0
[2015-08-07 13:04:27] EDIT test/controllers/default.py: 0
[2015-08-07 13:10:43] EDIT test/controllers/default.py: 0
[2015-08-07 13:11:12] EDIT test/controllers/default.py: -2
[2015-08-07 13:12:01] EDIT test/controllers/default.py: 0
[2015-08-07 13:21:15] EDIT test/views/default/chatting.html: 0
[2015-08-07 14:04:33] EDIT test/views/default/chatting.html: 0
[2015-08-07 14:05:06] EDIT test/views/default/sensor_updates.html: 0
[2015-08-07 14:08:15] EDIT test/views/default/chatting.html: 0
[2015-08-07 14:09:07] EDIT test/views/default/chatting.html: 0
[2015-08-07 14:09:56] EDIT test/views/default/chatting.html: 0
[2015-08-07 14:10:22] EDIT test/views/default/chatting.html: 0
[2015-08-07 14:10:35] EDIT test/views/default/chatting.html: 0
[2015-08-07 14:11:03] EDIT test/views/default/chatting.html: 0
[2015-08-07 14:13:29] EDIT test/views/default/sensor_updates.html: 0
[2015-08-07 14:19:01] EDIT test/views/default/chatting.html: 0
[2015-08-07 14:19:04] EDIT test/views/default/sensor_updates.html: 0
[2015-08-07 14:19:21] EDIT test/views/default/sensor_updates.html: 0
[2015-08-07 14:19:25] EDIT test/views/default/chatting.html: 0
[2015-08-07 14:25:01] EDIT test/controllers/default.py: -1
[2015-08-07 14:29:14] EDIT test/controllers/default.py: 0
[2015-08-07 14:29:21] EDIT test/modules/chats.py: -8
[2015-08-07 14:29:25] EDIT test/modules/chats.py: 1
[2015-08-07 14:30:51] EDIT test/modules/chats.py: 0
[2015-08-07 14:30:52] EDIT test/modules/chats.py: 0
[2015-08-07 14:30:55] EDIT test/modules/chats.py: 0
[2015-08-07 14:31:01] EDIT test/modules/chats.py: 0
[2015-08-07 14:31:12] EDIT test/modules/chats.py: 0
[2015-08-07 14:31:15] EDIT test/modules/chats.py: 0
[2015-08-07 14:33:28] EDIT test/modules/chats.py: 0
[2015-08-07 14:34:33] EDIT test/modules/chats.py: 1
[2015-08-07 14:34:36] EDIT test/modules/chats.py: 0
[2015-08-07 14:35:19] EDIT test/modules/chats.py: -1
[2015-08-07 14:35:27] EDIT test/modules/chats.py: 0
[2015-08-07 14:36:12] EDIT test/modules/chats.py: 0
[2015-08-07 14:36:22] EDIT test/modules/chats.py: 0
[2015-08-07 14:36:30] EDIT test/modules/chats.py: 0
[2015-08-07 14:36:53] EDIT test/modules/chats.py: 0
[2015-08-07 14:37:43] EDIT test/views/layout.html: 0
[2015-08-07 14:42:34] EDIT test/views/layout.html: 0
[2015-08-07 14:42:48] EDIT test/views/default/sensor_updates.html: 0
[2015-08-07 14:43:06] EDIT test/modules/chats.py: -4
[2015-08-07 14:44:05] EDIT test/modules/chats.py: 4
[2015-08-07 14:45:15] EDIT test/modules/chats.py: 0
[2015-08-07 14:57:25] EDIT test/modules/chats.py: -3
[2015-08-07 14:57:36] EDIT test/modules/chats.py: -2
[2015-08-07 14:59:02] EDIT test/views/default/chatting.html: 0
[2015-08-07 15:00:55] EDIT test/views/default/chatting.html: 0
[2015-08-07 15:06:19] EDIT test/modules/chats.py: 4
[2015-08-07 15:09:23] EDIT test/modules/chats.py: 0
[2015-08-07 15:56:02] EDIT test/modules/chats.py: 0
[2015-08-07 15:56:11] EDIT test/modules/chats.py: 3
[2015-08-07 15:56:37] EDIT test/modules/chats.py: 0
[2015-08-07 16:00:42] EDIT test/modules/chats.py: 0
[2015-08-07 16:08:16] EDIT test/controllers/default.py: 2
[2015-08-07 16:27:00] EDIT test/controllers/default.py: 2
[2015-08-07 16:27:46] EDIT test/controllers/default.py: 0
[2015-08-07 16:34:43] CREATE co2.py: 0
[2015-08-07 16:34:49] EDIT test/modules/co2.py: 41
[2015-08-07 16:35:16] EDIT test/modules/co2.py: 1
[2015-08-07 16:35:24] EDIT test/modules/co2.py: 0
[2015-08-07 16:37:06] EDIT test/controllers/default.py: 42
[2015-08-07 16:37:43] EDIT test/controllers/default.py: 0
[2015-08-07 16:38:49] EDIT test/modules/chats.py: 1
[2015-08-07 16:39:28] EDIT test/modules/chats.py: 0
[2015-08-07 16:40:15] EDIT test/views/default/chatting.html: 0
[2015-08-07 16:42:51] EDIT test/views/default/sensor_updates.html: 0
[2015-08-07 16:42:55] EDIT test/modules/co2.py: 0
[2015-08-07 16:42:58] EDIT test/controllers/default.py: 0
[2015-08-07 16:44:05] EDIT test/controllers/default.py: -41
[2015-08-07 16:45:25] EDIT test/controllers/default.py: 41
[2015-08-07 16:45:34] EDIT test/modules/chats.py: 0
[2015-08-07 16:46:08] EDIT test/controllers/default.py: -42
[2015-08-07 16:46:12] EDIT test/modules/co2.py: 41
[2015-08-07 16:46:20] EDIT test/modules/co2.py: 0
[2015-08-07 16:46:35] EDIT test/modules/co2.py: 0
[2015-08-07 16:47:13] EDIT test/modules/chats.py: 1
[2015-08-07 16:48:08] EDIT test/modules/chats.py: 0
[2015-08-07 16:48:50] EDIT test/modules/co2.py: 7
[2015-08-07 16:52:18] EDIT test/modules/co2.py: -43
[2015-08-07 16:52:38] EDIT test/modules/co2.py: 0
[2015-08-07 16:54:38] EDIT test/modules/co2.py: 0
[2015-08-10 10:34:13] EDIT test/views/layout.html: 2
[2015-08-10 10:34:27] CREATE default/tsdb.html: 0
[2015-08-10 10:46:30] EDIT test/views/default/tsdb.html: 27
[2015-08-10 10:46:35] EDIT test/views/default/tsdb.html: -2
[2015-08-10 10:48:53] EDIT test/controllers/default.py: 2
[2015-08-10 10:59:22] EDIT test/controllers/default.py: 0
[2015-08-10 11:07:08] EDIT test/controllers/default.py: 2
[2015-08-10 11:07:53] EDIT test/views/default/tsdb.html: -23
[2015-08-10 11:08:06] EDIT test/views/default/tsdb.html: 0
[2015-08-10 11:09:22] EDIT test/views/default/tsdb.html: 2
[2015-08-10 11:09:47] EDIT test/views/default/tsdb.html: 0
[2015-08-10 11:10:54] EDIT test/views/layout.html: 0
[2015-08-10 11:11:01] EDIT test/views/layout.html: 0
[2015-08-10 11:21:44] EDIT test/views/layout.html: 0
[2015-08-10 12:20:33] EDIT test/controllers/default.py: 0
[2015-08-10 12:21:01] EDIT test/views/default/tsdb.html: 3
[2015-08-10 12:21:07] EDIT test/views/default/tsdb.html: 0
[2015-08-10 12:25:16] EDIT test/controllers/default.py: 3
[2015-08-10 12:25:48] EDIT test/controllers/default.py: 0
[2015-08-10 12:25:56] EDIT test/controllers/default.py: 0
[2015-08-10 12:26:29] EDIT test/views/default/tsdb.html: -4
[2015-08-10 12:32:19] EDIT test/views/default/tsdb.html: 0
[2015-08-10 12:33:06] EDIT test/views/default/tsdb.html: 0
[2015-08-10 12:38:09] EDIT test/views/default/chatting.html: 3
[2015-08-10 12:40:55] EDIT test/views/default/chatting.html: -3
[2015-08-10 12:41:04] EDIT test/views/default/tsdb.html: -2
[2015-08-10 12:47:40] EDIT test/modules/chats.py: 2
[2015-08-10 12:58:17] EDIT test/modules/co2.py: 4
[2015-08-10 13:00:17] EDIT test/controllers/default.py: 2
[2015-08-10 13:00:48] EDIT test/modules/co2.py: 0
[2015-08-10 13:05:02] EDIT test/modules/chats.py: 0
[2015-08-10 13:05:39] EDIT test/modules/co2.py: -9
[2015-08-10 13:06:08] EDIT test/modules/co2.py: 9
[2015-08-10 13:06:17] EDIT test/modules/co2.py: -1
[2015-08-10 14:39:12] EDIT test/modules/chats.py: 0
[2015-08-10 14:40:21] EDIT test/modules/chats.py: 0
[2015-08-10 14:41:45] EDIT test/modules/co2.py: -40
[2015-08-10 14:42:29] EDIT test/modules/co2.py: 39
[2015-08-10 14:47:33] EDIT test/modules/chats.py: -6
[2015-08-10 14:48:50] EDIT test/modules/chats.py: 6
[2015-08-10 14:50:32] EDIT test/modules/chats.py: 1
[2015-08-10 14:51:57] EDIT test/modules/chats.py: 0
[2015-08-10 15:08:22] EDIT test/views/layout.html: 0
[2015-08-10 15:11:19] EDIT test/controllers/default.py: -1
[2015-08-10 15:13:51] EDIT test/modules/chats.py: 0
[2015-08-10 15:22:09] EDIT test/modules/chats.py: -3
[2015-08-10 15:22:30] EDIT test/modules/chats.py: 3
[2015-08-10 15:28:41] EDIT test/modules/chats.py: 0
[2015-08-10 15:29:23] EDIT test/modules/chats.py: -4
[2015-08-10 15:29:52] EDIT test/modules/chats.py: 0
[2015-08-10 15:30:44] EDIT test/modules/chats.py: 10
[2015-08-10 15:35:39] CREATE dust.py: 0
[2015-08-10 15:38:42] EDIT test/modules/dust.py: 61
[2015-08-10 15:39:04] EDIT test/modules/dust.py: 0
[2015-08-10 15:40:01] EDIT test/modules/dust.py: 0
[2015-08-10 15:40:14] EDIT test/modules/dust.py: 0
[2015-08-10 15:40:20] EDIT test/modules/dust.py: 0
[2015-08-10 15:40:31] EDIT test/modules/dust.py: 0
[2015-08-10 15:42:06] EDIT test/modules/chats.py: 1
[2015-08-10 15:42:28] EDIT test/modules/chats.py: 1
[2015-08-10 15:42:44] EDIT test/modules/chats.py: 0
[2015-08-10 15:43:41] EDIT test/modules/dust.py: 1
[2015-08-10 16:13:28] EDIT test/modules/dust.py: 0
[2015-08-10 16:13:40] EDIT test/modules/dust.py: 0
[2015-08-10 16:18:51] EDIT test/modules/dust.py: -23
[2015-08-10 16:19:46] EDIT test/modules/chats.py: 0
[2015-08-10 16:26:04] EDIT test/modules/dust.py: 0
[2015-08-10 16:26:09] EDIT test/modules/chats.py: 0
[2015-08-10 16:27:05] EDIT test/modules/co2.py: 0
[2015-08-10 16:27:11] EDIT test/modules/chats.py: 0
[2015-08-10 16:27:55] EDIT test/modules/chats.py: 1
[2015-08-10 16:28:02] EDIT test/modules/chats.py: 0
[2015-08-10 16:29:38] EDIT test/modules/chats.py: -9
[2015-08-10 16:32:14] EDIT test/modules/chats.py: 2
[2015-08-10 16:32:39] EDIT test/modules/chats.py: 0
[2015-08-10 16:35:59] EDIT test/modules/chats.py: 0
[2015-08-10 16:37:20] EDIT test/modules/chats.py: 2
[2015-08-10 16:38:54] EDIT test/modules/chats.py: 3
[2015-08-10 16:39:29] EDIT test/modules/chats.py: -2
[2015-08-10 16:41:22] CREATE lcd.py: 0
[2015-08-10 16:45:12] EDIT test/controllers/default.py: 0
[2015-08-10 16:48:05] EDIT test/controllers/default.py: 0
[2015-08-10 16:49:45] EDIT test/modules/chats.py: -1
[2015-08-10 16:58:13] EDIT test/modules/lcd.py: 30
[2015-08-10 16:58:31] EDIT test/modules/lcd.py: 0
[2015-08-10 16:58:35] EDIT test/modules/chats.py: 2
[2015-08-10 16:58:37] EDIT test/controllers/default.py: 0
[2015-08-10 16:58:39] EDIT test/modules/dust.py: 0
[2015-08-10 16:58:40] EDIT test/views/default/sensor_updates.html: 0
[2015-08-11 10:01:28] EDIT test/views/default/sht_db.html: 0
[2015-08-11 10:05:02] EDIT test/views/default/sht_db.html: 2
[2015-08-11 10:10:42] EDIT test/modules/co2.py: 33
[2015-08-11 10:12:11] EDIT test/controllers/default.py: 1
[2015-08-11 10:12:16] EDIT test/views/default/sht_db.html: -2
[2015-08-11 10:12:37] EDIT test/modules/co2.py: -4
[2015-08-11 10:17:43] EDIT test/modules/chats.py: 0
[2015-08-11 10:20:45] EDIT test/modules/co2.py: 3
[2015-08-11 10:21:03] EDIT test/modules/co2.py: 0
[2015-08-11 10:21:08] EDIT test/modules/co2.py: 0
[2015-08-11 10:21:13] EDIT test/modules/co2.py: 0
[2015-08-11 10:21:29] EDIT test/modules/chats.py: 0
[2015-08-11 10:21:40] EDIT test/modules/co2.py: 0
[2015-08-11 10:21:47] EDIT test/modules/chats.py: 0
[2015-08-11 10:30:13] EDIT test/modules/chats.py: 1
[2015-08-11 10:31:59] EDIT test/modules/co2.py: 2
[2015-08-11 10:32:47] EDIT test/modules/co2.py: -5
[2015-08-11 10:37:53] EDIT test/modules/co2.py: -3
[2015-08-11 10:39:41] EDIT test/modules/co2.py: -13
[2015-08-11 10:39:48] EDIT test/modules/co2.py: 0
[2015-08-11 10:41:00] EDIT test/modules/co2.py: -4
[2015-08-11 10:41:40] EDIT test/modules/co2.py: -2
[2015-08-11 10:44:27] EDIT test/modules/co2.py: 1
[2015-08-11 10:45:24] EDIT test/modules/co2.py: 0
[2015-08-11 10:46:04] EDIT test/modules/co2.py: 0
[2015-08-11 10:47:13] EDIT test/modules/chats.py: 0
[2015-08-11 10:56:32] EDIT test/modules/co2.py: -2
[2015-08-11 10:56:35] EDIT test/modules/chats.py: 0
[2015-08-11 10:57:43] EDIT test/modules/co2.py: 0
[2015-08-11 10:57:54] EDIT test/modules/co2.py: 0
[2015-08-11 10:58:41] EDIT test/modules/co2.py: 1
[2015-08-11 10:59:23] EDIT test/modules/co2.py: -13
[2015-08-11 11:00:39] EDIT test/modules/chats.py: 1
[2015-08-11 11:00:43] EDIT test/modules/chats.py: 1
[2015-08-11 11:01:11] EDIT test/modules/chats.py: 2
[2015-08-11 11:02:31] EDIT test/modules/chats.py: 1
[2015-08-11 11:03:12] EDIT test/modules/chats.py: 1
[2015-08-11 11:04:48] EDIT test/modules/co2.py: 2
[2015-08-11 11:04:55] EDIT test/modules/co2.py: 0
[2015-08-11 11:05:04] EDIT test/modules/co2.py: 1
[2015-08-11 11:05:50] EDIT test/modules/chats.py: 0
[2015-08-11 11:07:02] EDIT test/modules/chats.py: 0
[2015-08-11 11:07:46] EDIT test/modules/chats.py: 2
[2015-08-11 11:09:31] EDIT test/modules/chats.py: 0
[2015-08-11 11:13:07] EDIT test/controllers/default.py: 1
[2015-08-11 11:13:28] EDIT test/controllers/default.py: 1
[2015-08-11 11:13:36] EDIT test/controllers/default.py: 1
[2015-08-11 11:14:29] EDIT test/modules/chats.py: -1
[2015-08-11 11:14:50] EDIT test/modules/chats.py: 0
[2015-08-11 11:15:03] EDIT test/controllers/default.py: -3
[2015-08-11 11:16:16] EDIT test/modules/chats.py: 0
[2015-08-11 11:17:24] EDIT test/modules/chats.py: 0
[2015-08-11 11:17:29] EDIT test/controllers/default.py: 0
[2015-08-11 11:18:00] EDIT test/modules/chats.py: 1
[2015-08-11 11:18:45] EDIT test/modules/chats.py: 0
[2015-08-11 11:18:56] EDIT test/modules/chats.py: 0
[2015-08-11 11:21:46] EDIT test/modules/chats.py: 0
[2015-08-11 12:28:13] EDIT test/modules/chats.py: -4
[2015-08-11 12:32:02] EDIT test/modules/chats.py: 0
[2015-08-11 12:57:21] EDIT test/modules/chats.py: -5
[2015-08-11 12:57:56] EDIT test/modules/chats.py: -3
[2015-08-11 13:04:24] EDIT test/controllers/default.py: 0
[2015-08-11 13:15:10] EDIT test/modules/chats.py: -3
[2015-08-11 13:16:27] EDIT test/modules/chats.py: 2
[2015-08-11 13:17:47] EDIT test/modules/chats.py: 1
[2015-08-11 13:18:14] EDIT test/modules/chats.py: 0
[2015-08-11 13:20:47] EDIT test/modules/chats.py: 0
[2015-08-11 13:35:51] EDIT test/modules/chats.py: 1
[2015-08-11 13:37:13] EDIT test/modules/chats.py: -1
[2015-08-11 13:38:00] EDIT test/modules/chats.py: 1
[2015-08-11 13:38:52] EDIT test/modules/chats.py: 0
[2015-08-11 13:40:00] EDIT test/modules/chats.py: -1
[2015-08-11 13:40:08] EDIT test/modules/chats.py: -2
[2015-08-11 13:40:32] EDIT test/modules/chats.py: 2
[2015-08-11 13:40:58] EDIT test/modules/chats.py: 0
[2015-08-11 13:40:59] EDIT test/modules/chats.py: 0
[2015-08-11 13:42:11] EDIT test/modules/chats.py: 1
[2015-08-11 13:42:42] EDIT test/modules/chats.py: 2
[2015-08-11 13:43:30] EDIT test/modules/chats.py: 1
[2015-08-11 13:43:48] EDIT test/modules/chats.py: 0
[2015-08-11 13:48:34] EDIT test/modules/chats.py: 1
[2015-08-11 13:48:57] EDIT test/modules/chats.py: 1
[2015-08-11 13:49:30] EDIT test/modules/chats.py: 1
[2015-08-11 13:53:22] EDIT test/modules/chats.py: 0
[2015-08-11 13:55:05] EDIT test/modules/chats.py: 0
[2015-08-11 14:09:47] EDIT test/modules/chats.py: -2
[2015-08-11 14:10:02] EDIT test/modules/chats.py: 2
[2015-08-11 14:12:15] EDIT test/modules/chats.py: 3
[2015-08-11 14:12:18] EDIT test/modules/chats.py: -1
[2015-08-11 14:13:34] EDIT test/modules/chats.py: 1
[2015-08-11 14:13:50] EDIT test/modules/chats.py: 2
[2015-08-11 14:15:36] EDIT test/modules/chats.py: 0
[2015-08-11 14:17:17] EDIT test/modules/chats.py: 5
[2015-08-11 14:17:50] EDIT test/modules/chats.py: 0
[2015-08-11 14:18:13] EDIT test/modules/chats.py: 1
[2015-08-11 14:18:35] EDIT test/modules/chats.py: -5
[2015-08-11 14:18:53] EDIT test/modules/chats.py: -1
[2015-08-11 14:21:14] EDIT test/modules/chats.py: -3
[2015-08-11 14:21:19] EDIT test/modules/chats.py: 0
[2015-08-11 14:22:17] EDIT test/modules/chats.py: 4
[2015-08-11 14:23:10] EDIT test/modules/chats.py: 0
[2015-08-11 14:23:38] EDIT test/modules/chats.py: -1
[2015-08-11 14:25:09] EDIT test/modules/chats.py: 2
[2015-08-11 14:30:13] EDIT test/static/chat.js: 0
[2015-08-11 14:33:42] EDIT test/modules/chats.py: 1
[2015-08-11 14:36:37] EDIT test/modules/chats.py: -10
[2015-08-11 14:43:41] EDIT test/modules/lcd.py: 3
[2015-08-11 14:43:47] EDIT test/modules/lcd.py: 0
[2015-08-11 14:44:01] EDIT test/modules/lcd.py: 0
[2015-08-11 14:44:12] EDIT test/modules/lcd.py: 0
[2015-08-11 14:45:38] EDIT test/modules/lcd.py: -2
[2015-08-11 14:45:46] EDIT test/modules/lcd.py: 0
[2015-08-11 14:46:30] EDIT test/modules/lcd.py: -1
[2015-08-11 14:46:31] EDIT test/modules/lcd.py: 0
[2015-08-11 14:46:41] EDIT test/modules/lcd.py: -1
[2015-08-11 14:47:36] EDIT test/modules/lcd.py: 1
[2015-08-11 15:18:53] EDIT test/modules/lcd.py: 0
[2015-08-11 15:22:37] EDIT test/modules/chats.py: 1
[2015-08-11 15:22:58] EDIT test/modules/chats.py: 1
[2015-08-11 15:25:33] EDIT test/modules/chats.py: 1
[2015-08-11 15:27:26] CREATE lcd_lib.py: 0
[2015-08-11 15:29:54] EDIT test/modules/lcd_lib.py: 128
[2015-08-11 15:30:19] CREATE lcd_connect.py: 0
[2015-08-11 15:30:34] EDIT test/modules/lcd_connect.py: 8
[2015-08-11 15:30:38] EDIT test/modules/lcd_lib.py: 0
[2015-08-11 15:33:00] EDIT test/modules/lcd_lib.py: 0
[2015-08-11 15:33:41] EDIT test/modules/lcd.py: 1
[2015-08-11 15:34:05] EDIT test/modules/lcd.py: 4
[2015-08-11 15:40:33] EDIT test/modules/lcd.py: 1
[2015-08-11 15:40:55] EDIT test/modules/chats.py: 0
[2015-08-11 16:03:38] EDIT test/modules/chats.py: 0
[2015-08-11 16:04:39] EDIT test/modules/chats.py: 0
[2015-08-11 16:05:17] EDIT test/modules/lcd.py: 0
[2015-08-11 16:05:22] EDIT test/modules/lcd.py: 0
[2015-08-11 16:06:34] EDIT test/modules/chats.py: 0
[2015-08-11 16:06:37] EDIT test/modules/lcd.py: 0
[2015-08-11 16:08:46] EDIT test/modules/lcd.py: 1
[2015-08-11 16:09:03] EDIT test/modules/lcd.py: 2
[2015-08-11 16:09:28] EDIT test/modules/lcd.py: 0
[2015-08-11 16:11:56] EDIT test/modules/lcd.py: 0
[2015-08-11 16:19:27] EDIT test/modules/chats.py: 0
[2015-08-11 16:56:58] EDIT test/modules/chats.py: 0
[2015-08-11 16:57:00] EDIT test/controllers/default.py: 0
[2015-08-11 16:57:26] EDIT test/modules/lcd_lib.py: 0
[2015-08-11 16:57:28] EDIT test/modules/lcd_connect.py: 0
[2015-08-11 16:57:30] EDIT test/views/default/chatting.html: 0
[2015-08-11 16:57:42] EDIT test/modules/chats.py: 0
[2015-08-12 11:12:17] EDIT test/modules/lcd_lib.py: 4
[2015-08-12 11:13:59] EDIT test/modules/lcd.py: 2
[2015-08-12 11:15:18] EDIT test/modules/lcd_lib.py: 5
[2015-08-12 11:18:15] EDIT test/modules/lcd_lib.py: 9
[2015-08-12 11:21:10] EDIT test/modules/lcd_lib.py: 0
[2015-08-12 11:21:33] EDIT test/modules/lcd_lib.py: 0
[2015-08-12 11:39:28] EDIT test/modules/chats.py: 0
[2015-08-12 11:39:29] EDIT test/modules/lcd_lib.py: 0
[2015-08-12 11:39:30] EDIT test/modules/lcd_connect.py: 0
[2015-08-12 11:39:31] EDIT test/modules/lcd.py: 0
[2015-08-12 12:32:40] EDIT test/modules/lcd.py: 0
[2015-08-12 12:33:41] EDIT test/modules/lcd_lib.py: 0
[2015-08-12 12:38:04] CREATE GPIOClient.py: 0
[2015-08-12 12:38:10] EDIT test/modules/GPIOClient.py: 17
[2015-08-12 12:38:50] EDIT test/modules/GPIOClient.py: 0
[2015-08-12 12:39:02] EDIT test/modules/lcd_lib.py: 1
[2015-08-12 12:39:13] EDIT test/modules/lcd_lib.py: 0
[2015-08-12 12:47:06] EDIT test/modules/lcd_lib.py: -1
[2015-08-12 12:48:03] EDIT test/modules/GPIOClient.py: 2
[2015-08-12 15:16:02] EDIT test/modules/lcd_lib.py: 1
[2015-08-12 15:17:30] EDIT test/modules/lcd.py: 1
[2015-08-12 15:18:39] EDIT test/modules/lcd.py: 0
[2015-08-12 15:19:25] EDIT test/modules/lcd.py: 0
[2015-08-12 15:20:04] EDIT test/modules/lcd.py: 0
[2015-08-12 15:24:15] EDIT test/modules/lcd.py: 18
[2015-08-12 15:24:18] EDIT test/modules/lcd.py: 0
[2015-08-12 15:24:38] EDIT test/modules/lcd.py: 1
[2015-08-12 15:25:18] EDIT test/modules/lcd.py: -19
[2015-08-12 15:25:23] EDIT test/modules/lcd.py: 0
[2015-08-12 15:25:27] EDIT test/modules/lcd_lib.py: 0
[2015-08-12 15:31:04] EDIT test/modules/lcd.py: 5
[2015-08-12 15:31:38] EDIT test/modules/lcd.py: 0
[2015-08-12 15:31:45] EDIT test/modules/chats.py: 0
[2015-08-12 15:31:49] EDIT test/modules/GPIOClient.py: 0
[2015-08-12 15:31:51] EDIT test/modules/lcd_lib.py: 0
[2015-08-12 15:31:53] EDIT test/controllers/default.py: 0
[2015-08-12 15:32:22] EDIT test/modules/lcd.py: -4
[2015-08-12 15:32:30] EDIT test/modules/lcd.py: -1
[2015-08-12 15:32:35] EDIT test/modules/chats.py: 0
[2015-08-12 15:32:37] EDIT test/controllers/default.py: 0
[2015-08-12 15:32:39] EDIT test/modules/lcd_lib.py: 0
[2015-08-12 15:33:30] EDIT test/modules/lcd.py: -1
[2015-08-12 15:33:33] EDIT test/modules/lcd.py: 0
[2015-08-12 15:33:53] EDIT test/controllers/default.py: 0
[2015-08-12 15:33:56] EDIT test/modules/lcd_lib.py: 0
[2015-08-12 15:33:59] EDIT test/modules/chats.py: 0
[2015-08-12 15:34:02] EDIT test/controllers/default.py: 0
[2015-08-12 15:34:39] EDIT test/modules/lcd.py: 0
[2015-08-12 15:35:30] EDIT test/modules/lcd.py: 3
[2015-08-12 15:35:35] EDIT test/modules/chats.py: 0
[2015-08-12 15:35:36] EDIT test/modules/lcd_lib.py: 0
[2015-08-12 15:35:38] EDIT test/controllers/default.py: 0
[2015-08-12 15:37:19] EDIT test/modules/lcd.py: -2
[2015-08-12 15:37:38] EDIT test/modules/lcd.py: -1
[2015-08-12 15:41:47] EDIT test/modules/chats.py: 0
[2015-08-12 15:42:17] EDIT test/modules/lcd.py: 1
[2015-08-12 15:42:27] EDIT test/modules/chats.py: 0
[2015-08-12 15:42:29] EDIT test/controllers/default.py: 0
[2015-08-12 15:43:45] EDIT test/modules/lcd.py: 1
[2015-08-12 15:45:49] EDIT test/modules/lcd.py: -6
[2015-08-12 15:45:54] EDIT test/controllers/default.py: 0
[2015-08-12 15:45:58] EDIT test/modules/chats.py: 0
[2015-08-12 15:46:56] EDIT test/modules/lcd.py: 4
[2015-08-12 15:47:02] EDIT test/modules/chats.py: 0
[2015-08-12 15:47:03] EDIT test/controllers/default.py: 0
[2015-08-12 15:47:49] EDIT test/modules/lcd.py: -4
[2015-08-12 15:47:53] EDIT test/modules/chats.py: 0
[2015-08-12 15:47:54] EDIT test/modules/lcd_lib.py: 0
[2015-08-12 15:47:56] EDIT test/controllers/default.py: 0
[2015-08-12 15:48:15] EDIT test/modules/chats.py: 0
[2015-08-12 15:48:21] EDIT test/modules/lcd.py: 0
[2015-08-12 15:50:00] EDIT test/modules/chats.py: 0
[2015-08-12 15:57:47] EDIT test/modules/lcd.py: 4
[2015-08-12 15:58:03] EDIT test/modules/lcd.py: 0
[2015-08-12 15:58:40] EDIT test/modules/chats.py: 0
[2015-08-12 16:05:51] UPLOAD /home/pi/hyunhwa/web2py/applications/test/static/alarm: 449
[2015-08-12 16:07:14] EDIT test/modules/lcd.py: 0
[2015-08-12 16:08:25] EDIT test/modules/lcd.py: 4
[2015-08-12 16:16:37] EDIT test/modules/lcd.py: 3
[2015-08-12 16:16:43] EDIT test/modules/lcd.py: 0
[2015-08-12 16:34:49] EDIT test/modules/lcd.py: 0
[2015-08-12 16:34:53] EDIT test/modules/chats.py: 0
[2015-08-12 16:34:56] EDIT test/views/default/index.html: 0
[2015-08-12 16:34:58] EDIT test/controllers/default.py: 0
[2015-08-12 16:35:43] EDIT test/modules/lcd.py: 4
[2015-08-12 16:35:47] EDIT test/modules/chats.py: 0
[2015-08-12 16:35:49] EDIT test/controllers/default.py: 0
[2015-08-12 16:36:24] EDIT test/modules/lcd.py: 0
[2015-08-12 16:36:29] EDIT test/controllers/default.py: 0
[2015-08-12 16:36:31] EDIT test/modules/chats.py: 0
[2015-08-12 16:37:07] EDIT test/modules/chats.py: 0
[2015-08-12 16:37:51] EDIT test/modules/lcd.py: 0
[2015-08-12 16:37:59] EDIT test/views/default/chatting.html: 0
[2015-08-12 16:38:07] EDIT test/modules/lcd_lib.py: 0
[2015-08-12 16:38:33] EDIT test/modules/lcd.py: -7
[2015-08-12 16:39:07] EDIT test/modules/lcd.py: 0
[2015-08-12 16:46:55] EDIT test/views/default/chatting.html: 0
[2015-08-12 16:47:02] EDIT test/modules/chats.py: 0
[2015-08-12 16:47:06] EDIT test/controllers/default.py: 0
[2015-08-12 16:47:19] EDIT test/modules/lcd.py: 1
[2015-08-12 16:47:26] EDIT test/modules/lcd_lib.py: 0
[2015-08-12 16:47:57] EDIT test/modules/lcd.py: 0
[2015-08-12 16:48:02] EDIT test/modules/lcd_lib.py: 0
[2015-08-12 16:48:04] EDIT test/views/default/chatting.html: 0
[2015-08-12 16:48:06] EDIT test/modules/chats.py: 0
[2015-08-12 16:48:08] EDIT test/controllers/default.py: 0
[2015-08-12 16:48:30] EDIT test/modules/lcd.py: 0
[2015-08-12 16:51:07] EDIT test/modules/lcd.py: -3
[2015-08-12 16:51:28] EDIT test/modules/lcd.py: 3
[2015-08-12 16:51:35] EDIT test/controllers/default.py: 0
[2015-08-12 16:51:37] EDIT test/modules/chats.py: 0
[2015-08-12 16:51:39] EDIT test/views/default/chatting.html: 0
[2015-08-12 16:51:41] EDIT test/modules/lcd_lib.py: 0
[2015-08-12 16:52:26] EDIT test/modules/chats.py: 0
[2015-08-12 16:52:33] EDIT test/modules/lcd.py: 0
[2015-08-12 16:52:39] EDIT test/modules/lcd.py: -1
[2015-08-12 17:09:50] EDIT test/modules/sht_db.py: 5
[2015-08-12 17:09:59] EDIT test/modules/sht_db.py: 0
[2015-08-12 17:11:07] EDIT test/modules/sht_db.py: 19
[2015-08-12 17:44:25] EDIT test/modules/sht_db.py: -2
[2015-08-12 17:44:39] EDIT test/modules/sht_db.py: -6
[2015-08-13 10:59:19] CREATE start.py: 0
[2015-08-13 11:01:47] EDIT test/modules/start.py: 398
[2015-08-13 11:07:37] EDIT test/modules/start.py: -41
[2015-08-13 11:08:00] EDIT test/modules/start.py: 0
[2015-08-13 11:09:58] CREATE start.py: 0
[2015-08-13 11:10:16] EDIT test/controllers/start.py: 357
[2015-08-13 11:20:02] EDIT test/controllers/start.py: -3
[2015-08-13 11:20:06] EDIT test/controllers/default.py: 0
[2015-08-13 11:20:08] EDIT test/modules/lcd_lib.py: 0
[2015-08-13 11:20:10] EDIT test/modules/lcd.py: 0
[2015-08-13 11:22:22] EDIT test/controllers/start.py: 0
[2015-08-13 12:10:12] EDIT test/controllers/start.py: -1
[2015-08-13 12:10:22] EDIT test/controllers/start.py: 0
[2015-08-13 12:10:29] EDIT test/controllers/start.py: 0
[2015-08-13 12:10:35] EDIT test/controllers/start.py: 0
[2015-08-13 12:17:26] EDIT test/controllers/start.py: 0
[2015-08-13 12:48:16] EDIT test/controllers/start.py: 0
[2015-08-13 13:12:21] EDIT test/controllers/start.py: 0
[2015-08-13 13:12:37] EDIT test/controllers/start.py: 1
[2015-08-18 10:24:27] CREATE seq_set.py: 0
[2015-08-18 10:37:16] EDIT test/modules/seq_set.py: 3
[2015-08-18 10:37:23] EDIT test/modules/seq_set.py: 0
[2015-08-18 10:38:48] EDIT test/modules/start.py: 3
[2015-08-18 10:40:06] EDIT test/modules/start.py: 0
[2015-08-18 10:41:07] EDIT test/modules/seq_set.py: 2
[2015-08-18 10:41:48] EDIT test/modules/seq_set.py: 2
[2015-08-18 10:42:08] EDIT test/modules/start.py: 0
[2015-08-18 10:42:23] EDIT test/controllers/start.py: 6
[2015-08-18 10:48:49] EDIT test/controllers/start.py: 0
[2015-08-18 10:49:32] EDIT test/modules/lcd_lib.py: -9
[2015-08-18 10:49:47] EDIT test/modules/start.py: 0
[2015-08-18 10:49:49] EDIT test/modules/lcd.py: -1
[2015-08-18 10:49:51] EDIT test/modules/seq_set.py: 0
[2015-08-18 10:53:31] EDIT test/controllers/start.py: -5
[2015-08-18 10:55:20] EDIT test/controllers/start.py: 3
[2015-08-18 10:55:32] EDIT test/controllers/start.py: 0
[2015-08-18 10:55:37] EDIT test/modules/seq_set.py: 0
[2015-08-18 10:55:40] EDIT test/modules/lcd.py: 0
[2015-08-18 10:56:43] EDIT test/modules/lcd.py: 4
[2015-08-18 10:57:10] EDIT test/modules/lcd.py: 0
[2015-08-18 10:57:18] EDIT test/modules/lcd_lib.py: 0
[2015-08-18 10:57:35] EDIT test/controllers/start.py: 0
[2015-08-18 11:01:31] EDIT test/modules/lcd.py: -3
[2015-08-18 11:01:57] EDIT test/modules/lcd.py: 0
[2015-08-18 11:05:39] EDIT test/modules/lcd.py: 0
[2015-08-18 11:05:57] EDIT test/controllers/start.py: -2
[2015-08-18 11:06:06] EDIT test/controllers/start.py: 0
[2015-08-18 11:06:10] EDIT test/modules/seq_set.py: 0
[2015-08-18 11:06:14] EDIT test/modules/lcd.py: 0
[2015-08-18 11:07:46] EDIT test/modules/lcd.py: 0
[2015-08-18 11:09:08] EDIT test/modules/chats.py: -3
[2015-08-18 13:04:07] EDIT test/modules/seq_set.py: 0
[2015-08-18 13:04:28] EDIT test/modules/lcd.py: 0
[2015-08-18 13:04:32] EDIT test/controllers/start.py: 0
[2015-08-18 13:07:47] EDIT test/modules/seq_set.py: 0
[2015-08-18 13:14:09] EDIT test/modules/seq_set.py: 1
[2015-08-18 13:14:17] EDIT test/modules/lcd_lib.py: 0
[2015-08-18 13:51:20] EDIT test/modules/lcd.py: 0
[2015-08-18 13:53:15] EDIT test/modules/lcd.py: 1
[2015-08-18 13:54:52] EDIT test/modules/lcd.py: 2
[2015-08-18 13:55:26] EDIT test/modules/seq_set.py: 0
[2015-08-18 13:55:29] EDIT test/modules/chats.py: -1
[2015-08-18 14:04:12] EDIT test/modules/seq_set.py: 1
[2015-08-18 14:04:20] EDIT test/modules/chats.py: 0
[2015-08-18 14:05:37] EDIT test/modules/seq_set.py: 0
[2015-08-18 14:05:58] EDIT test/modules/seq_set.py: -1
[2015-08-18 14:06:10] EDIT test/modules/seq_set.py: 1
[2015-08-18 14:06:51] EDIT test/modules/seq_set.py: 0
[2015-08-18 14:06:53] EDIT test/modules/chats.py: 0
[2015-08-18 14:06:56] EDIT test/modules/lcd.py: 0
[2015-08-18 14:06:58] EDIT test/controllers/start.py: 0
[2015-08-19 10:31:11] EDIT test/controllers/start.py: 3
[2015-08-19 11:30:26] EDIT test/controllers/start.py: 0
[2015-08-19 11:31:07] EDIT test/controllers/start.py: 0
[2015-08-19 12:21:46] EDIT test/controllers/start.py: 3
[2015-08-19 13:57:49] EDIT test/modules/seq_set.py: 9
[2015-08-19 14:00:27] EDIT test/controllers/start.py: 3
[2015-08-19 14:05:47] EDIT test/modules/lcd.py: 20
[2015-08-19 14:06:53] EDIT test/controllers/start.py: 15
[2015-08-19 14:07:09] EDIT test/controllers/start.py: 0
[2015-08-19 14:07:14] EDIT test/modules/chats.py: 0
[2015-08-19 14:07:17] EDIT test/modules/sht_db.py: 0
[2015-08-19 14:07:20] EDIT test/controllers/default.py: 0
[2015-08-19 14:10:07] EDIT test/modules/seq_set.py: 0
[2015-08-19 14:10:18] EDIT test/modules/seq_set.py: 0
[2015-08-19 14:10:36] EDIT test/modules/seq_set.py: 0
[2015-08-19 14:12:02] EDIT test/controllers/start.py: 0
[2015-08-19 14:12:08] EDIT test/modules/lcd.py: 0
[2015-08-19 14:12:43] EDIT test/modules/lcd.py: 0
[2015-08-19 14:58:18] EDIT test/controllers/start.py: 2
[2015-08-19 14:58:26] EDIT test/modules/lcd.py: 0
[2015-08-19 14:58:28] EDIT test/modules/seq_set.py: 0
[2015-08-19 15:07:29] EDIT test/modules/seq_set.py: 2
[2015-08-19 15:16:57] EDIT test/modules/seq_set.py: 0
[2015-08-19 15:22:08] EDIT test/modules/seq_set.py: -4
[2015-08-19 15:22:18] EDIT test/modules/lcd.py: 0
[2015-08-19 15:24:20] EDIT test/modules/seq_set.py: -2
[2015-08-19 15:24:28] EDIT test/modules/lcd.py: 0
[2015-08-19 15:24:29] EDIT test/controllers/start.py: 0
[2015-08-19 15:31:56] EDIT test/modules/lcd.py: 1
[2015-08-19 15:34:51] EDIT test/modules/lcd.py: 0
[2015-08-19 15:37:00] EDIT test/controllers/start.py: 0
[2015-08-19 15:41:35] EDIT test/controllers/start.py: 1
[2015-08-19 15:42:25] EDIT test/modules/seq_set.py: 0
[2015-08-19 15:42:27] EDIT test/modules/lcd.py: -1
[2015-08-19 15:42:32] EDIT test/modules/lcd.py: 0
[2015-08-19 15:42:33] EDIT test/controllers/start.py: 0
[2015-08-19 15:42:51] EDIT test/controllers/start.py: 0
[2015-08-19 15:45:41] EDIT test/modules/lcd.py: 0
[2015-08-19 15:46:01] EDIT test/controllers/default.py: 0
[2015-08-19 15:46:28] EDIT test/modules/seq_set.py: 0
[2015-08-19 15:46:29] EDIT test/modules/lcd.py: 0
[2015-08-19 15:46:31] EDIT test/controllers/start.py: 0
[2015-08-19 15:46:35] EDIT test/modules/chats.py: 0
[2015-08-19 15:48:09] EDIT test/controllers/start.py: 0
[2015-08-19 15:51:36] EDIT test/controllers/start.py: 0
[2015-08-19 15:53:58] EDIT test/controllers/start.py: 0
[2015-08-19 15:57:20] EDIT test/modules/chats.py: 0
[2015-08-19 15:57:22] EDIT test/controllers/default.py: 0
[2015-08-19 15:57:25] EDIT test/modules/lcd.py: 0
[2015-08-19 15:57:27] EDIT test/modules/seq_set.py: 0
[2015-08-19 16:01:35] EDIT test/modules/chats.py: 1
[2015-08-19 16:05:32] EDIT test/modules/lcd.py: 3
[2015-08-19 16:05:39] EDIT test/modules/chats.py: -1
[2015-08-19 16:05:40] EDIT test/controllers/default.py: 0
[2015-08-19 16:05:42] EDIT test/modules/seq_set.py: 0
[2015-08-19 16:05:43] EDIT test/controllers/start.py: 0
[2015-08-19 16:08:39] EDIT test/modules/lcd.py: -3
[2015-08-19 16:14:13] EDIT test/modules/seq_set.py: 16
[2015-08-19 16:14:23] EDIT test/modules/lcd.py: 0
[2015-08-19 16:14:27] EDIT test/modules/chats.py: 0
[2015-08-19 16:14:31] EDIT test/controllers/default.py: 0
[2015-08-19 16:14:34] EDIT test/controllers/start.py: 0
[2015-08-19 16:37:46] EDIT test/modules/lcd.py: 0
[2015-08-19 16:54:35] CREATE seq_set2.py: 0
[2015-08-19 16:54:49] EDIT test/models/seq_set2.py: 31
[2015-08-20 12:38:03] EDIT test/models/db.py: 3
[2015-08-20 12:46:13] EDIT test/models/db.py: 0
[2015-08-20 12:52:12] EDIT test/controllers/start.py: 1
[2015-08-20 12:53:05] EDIT test/controllers/start.py: 0
[2015-08-20 12:53:17] EDIT test/modules/lcd.py: 0
[2015-08-20 12:57:50] EDIT test/models/seq_set2.py: 0
[2015-08-20 12:58:07] EDIT test/controllers/start.py: 0
[2015-08-20 12:58:13] EDIT test/modules/lcd.py: 0
[2015-08-20 12:59:06] EDIT test/modules/lcd.py: 0
[2015-08-20 13:01:57] EDIT test/models/db.py: 2
[2015-08-20 13:02:19] EDIT test/models/db.py: 1
[2015-08-20 13:04:06] EDIT test/controllers/start.py: 0
[2015-08-20 13:04:10] EDIT test/controllers/start.py: 0
[2015-08-20 13:04:12] EDIT test/controllers/start.py: 0
[2015-08-20 13:04:13] EDIT test/controllers/start.py: 0
[2015-08-20 13:07:03] EDIT test/modules/lcd.py: 1
[2015-08-20 13:07:11] EDIT test/modules/lcd.py: -1
[2015-08-20 13:08:09] EDIT test/modules/lcd.py: 0
[2015-08-20 13:08:16] EDIT test/modules/lcd.py: 0
[2015-08-20 13:08:25] EDIT test/modules/lcd.py: 0
[2015-08-20 13:10:18] EDIT test/models/db.py: -1
[2015-08-20 13:10:23] EDIT test/models/db.py: 0
[2015-08-20 13:11:12] EDIT test/controllers/start.py: -1
[2015-08-20 13:11:19] EDIT test/controllers/start.py: 0
[2015-08-20 13:20:14] EDIT test/models/db.py: -2
[2015-08-20 13:20:56] EDIT test/models/db.py: 0
[2015-08-20 13:22:36] EDIT test/modules/lcd.py: 0
[2015-08-20 13:32:08] EDIT test/controllers/start.py: 0
[2015-08-20 13:36:50] EDIT test/models/db.py: 0
[2015-08-20 13:52:28] EDIT test/controllers/start.py: 8
[2015-08-20 13:53:55] EDIT test/modules/lcd.py: 1
[2015-08-20 13:54:02] EDIT test/modules/lcd.py: 0
[2015-08-20 13:54:12] EDIT test/modules/lcd.py: 1
[2015-08-20 13:54:15] EDIT test/modules/lcd.py: 0
[2015-08-20 13:54:19] EDIT test/modules/chats.py: 0
[2015-08-20 13:54:22] EDIT test/controllers/default.py: 0
[2015-08-20 13:54:26] EDIT test/controllers/start.py: 0
[2015-08-20 13:54:33] EDIT test/models/db.py: 0
[2015-08-20 13:56:59] EDIT test/modules/lcd.py: 4
[2015-08-20 13:58:21] EDIT test/models/db.py: 0
[2015-08-20 13:58:54] EDIT test/controllers/start.py: 0
[2015-08-20 13:59:01] EDIT test/modules/lcd.py: 0
[2015-08-20 14:20:57] EDIT test/models/db.py: 0
[2015-08-20 14:22:32] EDIT test/controllers/start.py: 3
[2015-08-20 14:22:46] EDIT test/modules/lcd.py: 1
[2015-08-20 14:26:13] EDIT test/modules/seq_set.py: 3
[2015-08-20 14:27:31] EDIT test/modules/seq_set.py: -1
[2015-08-20 14:27:36] EDIT test/modules/seq_set.py: 1
[2015-08-20 14:28:24] EDIT test/models/db.py: 2
[2015-08-20 14:28:42] EDIT test/modules/seq_set.py: 1
[2015-08-20 14:31:03] EDIT test/modules/seq_set.py: 9
[2015-08-20 14:31:19] EDIT test/controllers/start.py: 1
[2015-08-20 14:31:56] EDIT test/models/db.py: 0
[2015-08-20 14:32:09] EDIT test/models/db.py: 0
[2015-08-20 14:33:24] EDIT test/controllers/start.py: -13
[2015-08-20 14:33:57] EDIT test/controllers/start.py: 0
[2015-08-20 14:34:00] EDIT test/controllers/start.py: 0
[2015-08-20 14:34:20] EDIT test/modules/lcd.py: -3
[2015-08-20 14:35:26] EDIT test/modules/lcd.py: -1
[2015-08-20 14:36:13] EDIT test/modules/lcd.py: -1
[2015-08-20 14:37:10] EDIT test/modules/seq_set.py: 2
[2015-08-20 14:37:13] EDIT test/modules/seq_set.py: 0
[2015-08-20 14:37:47] EDIT test/modules/seq_set.py: 2
[2015-08-20 14:38:44] EDIT test/models/db.py: 0
[2015-08-20 14:39:36] EDIT test/modules/seq_set.py: 0
[2015-08-20 14:42:33] EDIT test/modules/seq_set.py: 4
[2015-08-20 14:42:38] EDIT test/modules/seq_set.py: 0
[2015-08-20 14:44:45] EDIT test/modules/lcd.py: 0
[2015-08-20 14:44:49] EDIT test/controllers/start.py: 0
[2015-08-20 14:46:18] EDIT test/modules/seq_set.py: 4
[2015-08-20 14:46:27] EDIT test/modules/seq_set.py: 0
[2015-08-20 14:47:24] EDIT test/modules/seq_set.py: 0
[2015-08-20 14:49:06] EDIT test/modules/seq_set.py: -2
[2015-08-20 14:54:15] EDIT test/modules/seq_set.py: 2
[2015-08-20 14:54:25] EDIT test/modules/seq_set.py: 0
[2015-08-20 14:55:18] EDIT test/modules/seq_set.py: -2
[2015-08-20 14:55:31] EDIT test/modules/seq_set.py: 0
[2015-08-20 15:00:07] EDIT test/modules/seq_set.py: 0
[2015-08-20 15:00:15] EDIT test/modules/lcd.py: 0
[2015-08-20 15:00:23] EDIT test/controllers/start.py: 0
[2015-08-20 15:00:28] EDIT test/models/db.py: 0
[2015-08-20 15:05:14] EDIT test/modules/seq_set.py: 0
[2015-08-20 15:06:12] EDIT test/modules/seq_set.py: 0
[2015-08-20 15:09:13] EDIT test/modules/seq_set.py: 0
[2015-08-20 15:09:33] EDIT test/controllers/start.py: 0
[2015-08-20 15:12:28] EDIT test/modules/lcd.py: 0
[2015-08-20 15:13:14] EDIT test/modules/lcd.py: 0
[2015-08-20 15:15:53] EDIT test/controllers/start.py: 0
[2015-08-20 15:15:57] EDIT test/controllers/start.py: 0
[2015-08-20 15:19:59] EDIT test/modules/seq_set.py: 0
[2015-08-20 15:20:15] EDIT test/modules/seq_set.py: 0
[2015-08-20 15:26:19] EDIT test/modules/seq_set.py: 0
[2015-08-20 15:26:31] EDIT test/modules/seq_set.py: 0
[2015-08-20 15:38:42] EDIT test/modules/lcd.py: 2
[2015-08-20 15:38:45] EDIT test/modules/lcd.py: 0
[2015-08-20 15:39:25] EDIT test/modules/lcd.py: 3
[2015-08-20 15:50:32] EDIT test/modules/lcd.py: 2
[2015-08-20 16:04:28] EDIT test/controllers/start.py: 0
[2015-08-20 16:04:31] EDIT test/modules/seq_set.py: 0
[2015-08-20 16:04:38] EDIT test/controllers/start.py: 0
[2015-08-20 16:05:26] EDIT test/modules/lcd.py: -1
[2015-08-20 16:14:40] EDIT test/modules/seq_set.py: -16
[2015-08-20 16:27:35] EDIT test/modules/lcd.py: 1
[2015-08-20 16:29:20] EDIT test/controllers/start.py: 0
[2015-08-20 17:09:08] EDIT test/controllers/start.py: 2
[2015-08-20 17:11:44] EDIT test/controllers/start.py: -1
[2015-08-20 17:19:31] EDIT test/modules/lcd.py: -4
[2015-08-20 17:19:36] EDIT test/controllers/start.py: 0
[2015-08-20 17:19:38] EDIT test/modules/seq_set.py: 0
[2015-08-20 17:19:40] EDIT test/models/db.py: 0
[2015-08-20 17:22:14] EDIT test/modules/lcd.py: -1
[2015-08-20 17:23:00] EDIT test/controllers/start.py: 0
[2015-08-21 09:47:00] EDIT test/modules/lcd.py: -1
[2015-08-21 10:01:49] EDIT test/controllers/start.py: 1
[2015-08-21 14:02:54] EDIT test/controllers/start.py: -1
[2015-08-21 16:33:19] EDIT test/controllers/start.py: 0
[2015-08-21 16:36:23] EDIT test/controllers/start.py: 0
[2015-08-21 16:37:19] EDIT test/controllers/start.py: 0
[2015-08-21 16:47:35] EDIT test/controllers/start.py: 0
[2015-08-21 16:50:23] EDIT test/modules/lcd.py: 7
[2015-08-21 16:53:08] EDIT test/controllers/start.py: 2
[2015-08-21 16:57:43] EDIT test/modules/lcd.py: 1
