timestamp: 2015-07-28T14:38:53.406553
CREATE TABLE auth_user(
    id INTEGER PRIMARY KEY AUTOINCREMENT,
    first_name CHAR(128),
    last_name CHAR(128),
    email CHAR(512),
    password CHAR(512),
    registration_key CHAR(512),
    reset_password_key CHAR(512),
    registration_id CHAR(512)
);
success!
timestamp: 2015-07-28T14:38:54.211287
CREATE TABLE auth_group(
    id INTEGER PRIMARY KEY AUTOINCREMENT,
    role CHAR(512),
    description TEXT
);
success!
timestamp: 2015-07-28T14:38:54.481468
CREATE TABLE auth_membership(
    id INTEGER PRIMARY KEY AUTOINCREMENT,
    user_id INTEGER REFERENCES auth_user (id) ON DELETE CASCADE,
    group_id INTEGER REFERENCES auth_group (id) ON DELETE CASCADE
);
success!
timestamp: 2015-07-28T14:38:54.696003
CREATE TABLE auth_permission(
    id INTEGER PRIMARY KEY AUTOINCREMENT,
    group_id INTEGER REFERENCES auth_group (id) ON DELETE CASCADE,
    name CHAR(512),
    table_name CHAR(512),
    record_id INTEGER
);
success!
timestamp: 2015-07-28T14:38:55.359865
CREATE TABLE auth_event(
    id INTEGER PRIMARY KEY AUTOINCREMENT,
    time_stamp TIMESTAMP,
    client_ip CHAR(512),
    user_id INTEGER REFERENCES auth_user (id) ON DELETE CASCADE,
    origin CHAR(512),
    description TEXT
);
success!
timestamp: 2015-07-28T14:38:55.490344
CREATE TABLE auth_cas(
    id INTEGER PRIMARY KEY AUTOINCREMENT,
    user_id INTEGER REFERENCES auth_user (id) ON DELETE CASCADE,
    created_on TIMESTAMP,
    service CHAR(512),
    ticket CHAR(512),
    renew CHAR(1)
);
success!
timestamp: 2015-07-28T15:37:13.460525
CREATE TABLE register(
    id INTEGER PRIMARY KEY AUTOINCREMENT,
    first_name CHAR(512),
    last_name CHAR(512),
    email CHAR(512)
);
success!
timestamp: 2015-07-28T17:36:55.649191
ALTER TABLE register ADD email_validate CHAR(512);
success!
timestamp: 2015-07-30T10:32:57.084731
CREATE TABLE sht20(
    id INTEGER PRIMARY KEY AUTOINCREMENT,
    time CHAR(512),
    temperature CHAR(512),
    humidity CHAR(512),
    co2 CHAR(512)
);
success!
timestamp: 2015-07-31T15:21:23.712256
ALTER TABLE register ADD password CHAR(512) UNIQUE;
timestamp: 2015-07-31T15:22:23.709561
ALTER TABLE register ADD password CHAR(512) UNIQUE;
timestamp: 2015-07-31T15:23:23.760391
ALTER TABLE register ADD password_validate CHAR(512);
timestamp: 2015-07-31T15:23:23.873178
ALTER TABLE register ADD password CHAR(512) UNIQUE;
timestamp: 2015-07-31T15:24:00.510786
ALTER TABLE register ADD password_validate CHAR(512);
timestamp: 2015-07-31T15:24:23.722712
ALTER TABLE register ADD password_validate CHAR(512);
timestamp: 2015-07-31T15:24:37.189495
ALTER TABLE register ADD password_validate CHAR(512);
timestamp: 2015-07-31T15:25:23.711473
ALTER TABLE register ADD password_validate CHAR(512);
timestamp: 2015-07-31T15:26:23.691610
CREATE TABLE client(
    id INTEGER PRIMARY KEY AUTOINCREMENT,
    first_name CHAR(512),
    last_name CHAR(512),
    email CHAR(512) UNIQUE,
    password CHAR(512) UNIQUE,
    password_validate CHAR(512)
);
success!
timestamp: 2015-07-31T16:00:46.112559
CREATE TABLE chat(
    id INTEGER PRIMARY KEY AUTOINCREMENT,
    me_from CHAR(512),
    me_body TEXT,
    me_html TEXT
);
success!
timestamp: 2015-08-06T10:21:51.379653
CREATE TABLE chat(
    id INTEGER PRIMARY KEY AUTOINCREMENT,
    me_from CHAR(512),
    me_body TEXT,
    me_html TEXT
);
success!
timestamp: 2015-08-06T11:16:24.780843
CREATE TABLE sht20(
    id INTEGER PRIMARY KEY AUTOINCREMENT,
    data_time CHAR(512),
    temperature CHAR(512),
    humidity CHAR(512),
    co2 CHAR(512)
);
success!
timestamp: 2015-08-20T14:21:59.644831
CREATE TABLE phh_order(
    id INTEGER PRIMARY KEY AUTOINCREMENT,
    phh_order_name CHAR(512),
    phh_order_value CHAR(512)
);
success!
timestamp: 2015-08-26T15:43:52.566482
CREATE TABLE play_list(
    id INTEGER PRIMARY KEY AUTOINCREMENT,
    song_name CHAR(512)
);
success!
